<?xml version="1.0" encoding="UTF-8"?>
<testsuite name="com.example.dishes.service.DishServiceTest" tests="10" skipped="0" failures="0" errors="0" timestamp="2024-05-14T19:45:00" hostname="DESKTOP-HRV2548" time="0.854">
  <properties/>
  <testcase name="testAddDishesBulk()" classname="com.example.dishes.service.DishServiceTest" time="0.231"/>
  <testcase name="testAddDish()" classname="com.example.dishes.service.DishServiceTest" time="0.005"/>
  <testcase name="testUpdateDish()" classname="com.example.dishes.service.DishServiceTest" time="0.003"/>
  <testcase name="testGetDish()" classname="com.example.dishes.service.DishServiceTest" time="0.008"/>
  <testcase name="testGetDishesWithIngredient()" classname="com.example.dishes.service.DishServiceTest" time="0.003"/>
  <testcase name="testGetDish_WhenCacheIsEmptyAndDishFoundInRepository()" classname="com.example.dishes.service.DishServiceTest" time="0.002"/>
  <testcase name="testGetByName()" classname="com.example.dishes.service.DishServiceTest" time="0.585"/>
  <testcase name="testGetDishesWithIngredient_WhenCacheIsEmptyAndDishesFoundInRepository()" classname="com.example.dishes.service.DishServiceTest" time="0.003"/>
  <testcase name="testDeleteDish()" classname="com.example.dishes.service.DishServiceTest" time="0.003"/>
  <testcase name="testGetDishesWithIngredient_WhenDishesExist()" classname="com.example.dishes.service.DishServiceTest" time="0.002"/>
  <system-out><![CDATA[]]></system-out>
  <system-err><![CDATA[]]></system-err>
</testsuite>
