<?xml version="1.0" encoding="UTF-8"?>
<testsuite name="com.example.dishes.DishesApplicationTests" tests="1" skipped="0" failures="0" errors="0" timestamp="2024-05-14T19:45:00" hostname="DESKTOP-HRV2548" time="0.283">
  <properties/>
  <testcase name="contextLoads()" classname="com.example.dishes.DishesApplicationTests" time="0.283"/>
  <system-out><![CDATA[22:44:50.244 [Test worker] INFO org.springframework.test.context.support.AnnotationConfigContextLoaderUtils -- Could not detect default configuration classes for test class [com.example.dishes.DishesApplicationTests]: DishesApplicationTests does not declare any static, non-private, non-final, nested classes annotated with @Configuration.
22:44:50.518 [Test worker] INFO org.springframework.boot.test.context.SpringBootTestContextBootstrapper -- Found @SpringBootConfiguration com.example.dishes.DishesApplication for test class com.example.dishes.DishesApplicationTests

  .   ____          _            __ _ _
 /\\ / ___'_ __ _ _(_)_ __  __ _ \ \ \ \
( ( )\___ | '_ | '_| | '_ \/ _` | \ \ \ \
 \\/  ___)| |_)| | | | | || (_| |  ) ) ) )
  '  |____| .__|_| |_|_| |_\__, | / / / /
 =========|_|==============|___/=/_/_/_/
 :: Spring Boot ::                (v3.2.2)

2024-05-14T22:44:51.361+03:00  WARN 11020 --- [    Test worker] ory$DuplicateJsonObjectContextCustomizer : 

Found multiple occurrences of org.json.JSONObject on the class path:

	jar:file:/C:/Users/Danya/.gradle/caches/modules-2/files-2.1/org.json/json/20240303/ebb88e8fb5122b7506d5cf1d69f1ccdb790d22a/json-20240303.jar!/org/json/JSONObject.class
	jar:file:/C:/Users/Danya/.gradle/caches/modules-2/files-2.1/com.vaadin.external.google/android-json/0.0.20131108.vaadin1/fa26d351fe62a6a17f5cda1287c1c6110dec413f/android-json-0.0.20131108.vaadin1.jar!/org/json/JSONObject.class

You may wish to exclude one of them to ensure predictable runtime behavior

2024-05-14T22:44:51.404+03:00  INFO 11020 --- [    Test worker] c.example.dishes.DishesApplicationTests  : Starting DishesApplicationTests using Java 21.0.2 with PID 11020 (started by Danya in C:\Users\Danya\Учеба\Семестр 4\ПнаЯВУ\dishes)
2024-05-14T22:44:51.406+03:00  INFO 11020 --- [    Test worker] c.example.dishes.DishesApplicationTests  : No active profile set, falling back to 1 default profile: "default"
2024-05-14T22:44:52.715+03:00  INFO 11020 --- [    Test worker] .s.d.r.c.RepositoryConfigurationDelegate : Bootstrapping Spring Data JPA repositories in DEFAULT mode.
2024-05-14T22:44:52.801+03:00  INFO 11020 --- [    Test worker] .s.d.r.c.RepositoryConfigurationDelegate : Finished Spring Data repository scanning in 72 ms. Found 3 JPA repository interfaces.
2024-05-14T22:44:53.575+03:00  INFO 11020 --- [    Test worker] o.hibernate.jpa.internal.util.LogHelper  : HHH000204: Processing PersistenceUnitInfo [name: default]
2024-05-14T22:44:53.701+03:00  INFO 11020 --- [    Test worker] org.hibernate.Version                    : HHH000412: Hibernate ORM core version 6.4.1.Final
2024-05-14T22:44:53.766+03:00  INFO 11020 --- [    Test worker] o.h.c.internal.RegionFactoryInitiator    : HHH000026: Second-level cache disabled
2024-05-14T22:44:54.281+03:00  INFO 11020 --- [    Test worker] o.s.o.j.p.SpringPersistenceUnitInfo      : No LoadTimeWeaver setup: ignoring JPA class transformer
2024-05-14T22:44:54.349+03:00  INFO 11020 --- [    Test worker] com.zaxxer.hikari.HikariDataSource       : HikariPool-1 - Starting...
2024-05-14T22:44:55.163+03:00  INFO 11020 --- [    Test worker] com.zaxxer.hikari.pool.HikariPool        : HikariPool-1 - Added connection com.mysql.cj.jdbc.ConnectionImpl@3d947adf
2024-05-14T22:44:55.167+03:00  INFO 11020 --- [    Test worker] com.zaxxer.hikari.HikariDataSource       : HikariPool-1 - Start completed.
2024-05-14T22:44:57.471+03:00  INFO 11020 --- [    Test worker] o.h.e.t.j.p.i.JtaPlatformInitiator       : HHH000489: No JTA platform available (set 'hibernate.transaction.jta.platform' to enable JTA platform integration)
2024-05-14T22:44:57.639+03:00  INFO 11020 --- [    Test worker] j.LocalContainerEntityManagerFactoryBean : Initialized JPA EntityManagerFactory for persistence unit 'default'
2024-05-14T22:44:58.189+03:00  INFO 11020 --- [    Test worker] o.s.d.j.r.query.QueryEnhancerFactory     : Hibernate is in classpath; If applicable, HQL parser will be used.
2024-05-14T22:45:00.595+03:00  INFO 11020 --- [    Test worker] c.example.dishes.DishesApplicationTests  : Started DishesApplicationTests in 9.717 seconds (process running for 12.698)
]]></system-out>
  <system-err><![CDATA[]]></system-err>
</testsuite>
